2018-01-30 18:38:00,072 [ClientConfig.LoadConfig] [1] [INFO ] Load Config file, cfgPath = F:\work\architecture\BetaGO\OptionTrade\bin\Debug\..\config\
2018-01-30 18:38:00,083 [CommandParse.LoadCommand] [1] [INFO ] Load command file, filePath = F:\work\architecture\BetaGO\OptionTrade\bin\Debug\..\config\
2018-01-30 18:38:00,083 [DataBusManager.Initialize] [1] [INFO ] Initialize, Version = 2016-02-26
2018-01-30 18:38:00,084 [ConnectThread.ThreadEntrance] [4] [INFO ] Start Connect Thread...
2018-01-30 18:38:00,085 [ConnectThread.Connect] [4] [INFO ] Connect to server, addr = 47.100.7.224 port = 55555
2018-01-30 18:38:00,100 [ConnectThread.ThreadEntrance] [4] [INFO ] Connect Success!
2018-01-30 18:38:00,102 [MsgSendThread.ThreadEntrance] [5] [INFO ] Start Message Send Thread...
2018-01-30 18:38:00,102 [MsgReceiveThread.ThreadEntrance] [6] [INFO ] Start Message Receive Thread...
2018-01-30 18:38:00,103 [TimeOutThread.ThreadEntrance] [7] [INFO ] Start time out check Thread...
2018-01-30 18:38:00,115 [MsgLoopThread.ThreadEntrance] [8] [INFO ] Start Message Loop Thread...
2018-01-30 18:38:00,115 [MsgLoopThread.ThreadEntrance] [9] [INFO ] Start Message Loop Thread...
2018-01-30 18:38:00,115 [MsgLoopThread.ThreadEntrance] [10] [INFO ] Start Message Loop Thread...
2018-01-30 18:38:00,115 [MsgLoopThread.ThreadEntrance] [11] [INFO ] Start Message Loop Thread...
2018-01-30 18:38:00,279 [MsgSendThread.SendCustomMessage] [4] [DEBUG] Send Message CMD = 3  name = MsgExpress.LoginInfo
2018-01-30 18:38:00,394 [DataBusManager.OnResponse] [10] [DEBUG] recive response data
2018-01-30 18:38:00,400 [MsgSendThread.SendCustomMessage] [4] [DEBUG] Send Message CMD = 14  name = MsgExpress.ComplexSubscribeData
2018-01-30 18:38:00,445 [DataBusManager.OnResponse] [10] [DEBUG] recive response data
2018-01-30 18:38:00,446 [ConnectThread.ThreadEntrance] [4] [INFO ] End Connect Thread...
2018-01-30 18:38:00,446 [HeartBeatThread.ThreadEntrance] [14] [INFO ] Start HeartBeat Thread...
2018-01-30 18:38:00,451 [MsgSendThread.SendCustomMessage] [14] [DEBUG] Send Message CMD = 5  name = MsgExpress.HeartBeat
2018-01-30 18:38:00,497 [DataBusManager.OnResponse] [10] [DEBUG] recive response data
2018-01-30 18:38:05,453 [MsgSendThread.SendCustomMessage] [14] [DEBUG] Send Message CMD = 5  name = MsgExpress.HeartBeat
2018-01-30 18:38:05,497 [DataBusManager.OnResponse] [10] [DEBUG] recive response data
2018-01-30 18:38:17,073 [ClientConfig.LoadConfig] [1] [INFO ] Load Config file, cfgPath = F:\work\architecture\BetaGO\OptionTrade\bin\Debug\..\config\
2018-01-30 18:38:17,084 [CommandParse.LoadCommand] [1] [INFO ] Load command file, filePath = F:\work\architecture\BetaGO\OptionTrade\bin\Debug\..\config\
2018-01-30 18:38:17,084 [DataBusManager.Initialize] [1] [INFO ] Initialize, Version = 2016-02-26
2018-01-30 18:38:17,085 [ConnectThread.ThreadEntrance] [4] [INFO ] Start Connect Thread...
2018-01-30 18:38:17,086 [ConnectThread.Connect] [4] [INFO ] Connect to server, addr = 47.100.7.224 port = 55555
2018-01-30 18:38:17,100 [ConnectThread.ThreadEntrance] [4] [INFO ] Connect Success!
2018-01-30 18:38:17,101 [MsgSendThread.ThreadEntrance] [7] [INFO ] Start Message Send Thread...
2018-01-30 18:38:17,102 [TimeOutThread.ThreadEntrance] [9] [INFO ] Start time out check Thread...
2018-01-30 18:38:17,103 [MsgLoopThread.ThreadEntrance] [10] [INFO ] Start Message Loop Thread...
2018-01-30 18:38:17,104 [MsgReceiveThread.ThreadEntrance] [8] [INFO ] Start Message Receive Thread...
2018-01-30 18:38:17,104 [MsgLoopThread.ThreadEntrance] [11] [INFO ] Start Message Loop Thread...
2018-01-30 18:38:17,104 [MsgLoopThread.ThreadEntrance] [12] [INFO ] Start Message Loop Thread...
2018-01-30 18:38:17,104 [MsgLoopThread.ThreadEntrance] [13] [INFO ] Start Message Loop Thread...
2018-01-30 18:38:17,282 [MsgSendThread.SendCustomMessage] [4] [DEBUG] Send Message CMD = 3  name = MsgExpress.LoginInfo
2018-01-30 18:38:17,367 [DataBusManager.OnResponse] [11] [DEBUG] recive response data
2018-01-30 18:38:17,379 [MsgSendThread.SendCustomMessage] [4] [DEBUG] Send Message CMD = 14  name = MsgExpress.ComplexSubscribeData
2018-01-30 18:38:17,420 [DataBusManager.OnResponse] [11] [DEBUG] recive response data
2018-01-30 18:38:17,420 [ConnectThread.ThreadEntrance] [4] [INFO ] End Connect Thread...
2018-01-30 18:38:17,421 [HeartBeatThread.ThreadEntrance] [15] [INFO ] Start HeartBeat Thread...
2018-01-30 18:38:17,428 [MsgSendThread.SendCustomMessage] [15] [DEBUG] Send Message CMD = 5  name = MsgExpress.HeartBeat
2018-01-30 18:38:17,476 [DataBusManager.OnResponse] [11] [DEBUG] recive response data
2018-01-30 18:38:18,498 [DataCenter.ThreadGetHis] [6] [INFO ] 下载历史数据成功,code=sz399905
2018-01-30 18:38:19,569 [MsgSendThread.SendCustomMessage] [1] [DEBUG] Send Message CMD = 931135489  name = Trade.LoginReq
2018-01-30 18:38:19,649 [DataBusManager.OnResponse] [11] [DEBUG] recive response data
2018-01-30 18:38:19,687 [DataCenter.ThreadGetHis] [6] [INFO ] 下载历史数据成功,code=sh000300
2018-01-30 18:38:20,859 [DataCenter.ThreadGetHis] [6] [INFO ] 下载历史数据成功,code=sh000016
2018-01-30 18:38:22,430 [MsgSendThread.SendCustomMessage] [15] [DEBUG] Send Message CMD = 5  name = MsgExpress.HeartBeat
2018-01-30 18:38:22,531 [DataBusManager.OnResponse] [12] [DEBUG] recive response data
2018-01-30 18:38:25,520 [MsgSendThread.SendCustomMessage] [1] [DEBUG] Send Message CMD = 931135489  name = Trade.LoginReq
2018-01-30 18:38:25,581 [DataBusManager.OnResponse] [11] [DEBUG] recive response data
2018-01-30 18:38:27,431 [MsgSendThread.SendCustomMessage] [15] [DEBUG] Send Message CMD = 5  name = MsgExpress.HeartBeat
2018-01-30 18:38:27,531 [DataBusManager.OnResponse] [11] [DEBUG] recive response data
2018-01-30 18:38:32,431 [MsgSendThread.SendCustomMessage] [15] [DEBUG] Send Message CMD = 5  name = MsgExpress.HeartBeat
2018-01-30 18:38:32,531 [DataBusManager.OnResponse] [12] [DEBUG] recive response data
2018-01-30 18:38:37,431 [MsgSendThread.SendCustomMessage] [15] [DEBUG] Send Message CMD = 5  name = MsgExpress.HeartBeat
2018-01-30 18:38:37,531 [DataBusManager.OnResponse] [12] [DEBUG] recive response data
2018-01-30 18:38:42,431 [MsgSendThread.SendCustomMessage] [15] [DEBUG] Send Message CMD = 5  name = MsgExpress.HeartBeat
2018-01-30 18:38:42,531 [DataBusManager.OnResponse] [12] [DEBUG] recive response data
2018-01-30 18:38:47,431 [MsgSendThread.SendCustomMessage] [15] [DEBUG] Send Message CMD = 5  name = MsgExpress.HeartBeat
2018-01-30 18:38:47,531 [DataBusManager.OnResponse] [12] [DEBUG] recive response data
2018-01-30 18:38:52,431 [MsgSendThread.SendCustomMessage] [15] [DEBUG] Send Message CMD = 5  name = MsgExpress.HeartBeat
2018-01-30 18:38:52,531 [DataBusManager.OnResponse] [11] [DEBUG] recive response data
2018-01-30 18:38:57,431 [MsgSendThread.SendCustomMessage] [15] [DEBUG] Send Message CMD = 5  name = MsgExpress.HeartBeat
2018-01-30 18:38:57,531 [DataBusManager.OnResponse] [11] [DEBUG] recive response data
2018-01-30 18:39:02,431 [MsgSendThread.SendCustomMessage] [15] [DEBUG] Send Message CMD = 5  name = MsgExpress.HeartBeat
2018-01-30 18:39:02,531 [DataBusManager.OnResponse] [12] [DEBUG] recive response data
2018-01-30 18:39:07,431 [MsgSendThread.SendCustomMessage] [15] [DEBUG] Send Message CMD = 5  name = MsgExpress.HeartBeat
2018-01-30 18:39:07,681 [DataBusManager.OnResponse] [11] [DEBUG] recive response data
2018-01-30 18:39:12,431 [MsgSendThread.SendCustomMessage] [15] [DEBUG] Send Message CMD = 5  name = MsgExpress.HeartBeat
2018-01-30 18:39:12,531 [DataBusManager.OnResponse] [11] [DEBUG] recive response data
2018-01-30 18:39:17,431 [MsgSendThread.SendCustomMessage] [15] [DEBUG] Send Message CMD = 5  name = MsgExpress.HeartBeat
2018-01-30 18:39:17,531 [DataBusManager.OnResponse] [11] [DEBUG] recive response data
2018-01-30 18:39:22,431 [MsgSendThread.SendCustomMessage] [15] [DEBUG] Send Message CMD = 5  name = MsgExpress.HeartBeat
2018-01-30 18:39:22,531 [DataBusManager.OnResponse] [13] [DEBUG] recive response data
2018-01-30 18:39:27,431 [MsgSendThread.SendCustomMessage] [15] [DEBUG] Send Message CMD = 5  name = MsgExpress.HeartBeat
2018-01-30 18:39:27,531 [DataBusManager.OnResponse] [11] [DEBUG] recive response data
2018-01-30 18:39:32,431 [MsgSendThread.SendCustomMessage] [15] [DEBUG] Send Message CMD = 5  name = MsgExpress.HeartBeat
2018-01-30 18:39:32,531 [DataBusManager.OnResponse] [11] [DEBUG] recive response data
2018-01-30 18:39:37,431 [MsgSendThread.SendCustomMessage] [15] [DEBUG] Send Message CMD = 5  name = MsgExpress.HeartBeat
2018-01-30 18:39:37,531 [DataBusManager.OnResponse] [12] [DEBUG] recive response data
2018-01-30 18:39:42,431 [MsgSendThread.SendCustomMessage] [15] [DEBUG] Send Message CMD = 5  name = MsgExpress.HeartBeat
2018-01-30 18:39:42,531 [DataBusManager.OnResponse] [13] [DEBUG] recive response data
2018-01-30 18:39:47,431 [MsgSendThread.SendCustomMessage] [15] [DEBUG] Send Message CMD = 5  name = MsgExpress.HeartBeat
2018-01-30 18:39:47,531 [DataBusManager.OnResponse] [13] [DEBUG] recive response data
2018-01-30 18:40:03,860 [ClientConfig.LoadConfig] [1] [INFO ] Load Config file, cfgPath = F:\work\architecture\BetaGO\OptionTrade\bin\Debug\..\config\
2018-01-30 18:40:03,870 [CommandParse.LoadCommand] [1] [INFO ] Load command file, filePath = F:\work\architecture\BetaGO\OptionTrade\bin\Debug\..\config\
2018-01-30 18:40:03,871 [DataBusManager.Initialize] [1] [INFO ] Initialize, Version = 2016-02-26
2018-01-30 18:40:03,872 [ConnectThread.ThreadEntrance] [4] [INFO ] Start Connect Thread...
2018-01-30 18:40:03,873 [ConnectThread.Connect] [4] [INFO ] Connect to server, addr = 47.100.7.224 port = 55555
2018-01-30 18:40:03,887 [ConnectThread.ThreadEntrance] [4] [INFO ] Connect Success!
2018-01-30 18:40:03,888 [MsgSendThread.ThreadEntrance] [7] [INFO ] Start Message Send Thread...
2018-01-30 18:40:03,889 [MsgReceiveThread.ThreadEntrance] [8] [INFO ] Start Message Receive Thread...
2018-01-30 18:40:03,889 [TimeOutThread.ThreadEntrance] [9] [INFO ] Start time out check Thread...
2018-01-30 18:40:03,890 [MsgLoopThread.ThreadEntrance] [10] [INFO ] Start Message Loop Thread...
2018-01-30 18:40:03,890 [MsgLoopThread.ThreadEntrance] [12] [INFO ] Start Message Loop Thread...
2018-01-30 18:40:03,890 [MsgLoopThread.ThreadEntrance] [11] [INFO ] Start Message Loop Thread...
2018-01-30 18:40:03,891 [MsgLoopThread.ThreadEntrance] [13] [INFO ] Start Message Loop Thread...
2018-01-30 18:40:04,063 [MsgSendThread.SendCustomMessage] [4] [DEBUG] Send Message CMD = 3  name = MsgExpress.LoginInfo
2018-01-30 18:40:04,153 [DataBusManager.OnResponse] [11] [DEBUG] recive response data
2018-01-30 18:40:04,172 [MsgSendThread.SendCustomMessage] [4] [DEBUG] Send Message CMD = 14  name = MsgExpress.ComplexSubscribeData
2018-01-30 18:40:04,206 [DataBusManager.OnResponse] [11] [DEBUG] recive response data
2018-01-30 18:40:04,207 [ConnectThread.ThreadEntrance] [4] [INFO ] End Connect Thread...
2018-01-30 18:40:04,207 [HeartBeatThread.ThreadEntrance] [15] [INFO ] Start HeartBeat Thread...
2018-01-30 18:40:04,216 [MsgSendThread.SendCustomMessage] [15] [DEBUG] Send Message CMD = 5  name = MsgExpress.HeartBeat
2018-01-30 18:40:04,259 [DataBusManager.OnResponse] [11] [DEBUG] recive response data
2018-01-30 18:40:05,449 [MsgSendThread.SendCustomMessage] [1] [DEBUG] Send Message CMD = 931135489  name = Trade.LoginReq
2018-01-30 18:40:05,675 [DataBusManager.OnResponse] [11] [DEBUG] recive response data
2018-01-30 18:40:05,750 [DataCenter.ThreadGetHis] [6] [INFO ] 下载历史数据成功,code=sz399905
2018-01-30 18:40:06,931 [DataCenter.ThreadGetHis] [6] [INFO ] 下载历史数据成功,code=sh000300
2018-01-30 18:40:08,132 [DataCenter.ThreadGetHis] [6] [INFO ] 下载历史数据成功,code=sh000016
2018-01-30 18:40:09,218 [MsgSendThread.SendCustomMessage] [15] [DEBUG] Send Message CMD = 5  name = MsgExpress.HeartBeat
2018-01-30 18:40:09,300 [DataBusManager.OnResponse] [12] [DEBUG] recive response data
2018-01-30 18:40:09,460 [DataBusManager.Close] [1] [INFO ] Close
2018-01-30 18:40:09,461 [MsgReceiveThread.ThreadEntrance] [8] [INFO ] End Message Receive Thread...
2018-01-30 18:40:09,500 [MsgLoopThread.ThreadEntrance] [11] [INFO ] End Message Loop Thread...
2018-01-30 18:40:09,500 [MsgSendThread.ThreadEntrance] [7] [INFO ] End Message Send Thread...
2018-01-30 18:40:09,500 [MsgLoopThread.ThreadEntrance] [13] [INFO ] End Message Loop Thread...
2018-01-30 18:40:09,500 [MsgLoopThread.ThreadEntrance] [12] [INFO ] End Message Loop Thread...
2018-01-30 18:40:09,500 [MsgLoopThread.ThreadEntrance] [10] [INFO ] End Message Loop Thread...
2018-01-30 18:40:09,500 [TimeOutThread.ThreadEntrance] [9] [INFO ] End time out check Thread...
2018-01-30 18:40:14,219 [HeartBeatThread.ThreadEntrance] [15] [INFO ] End HeartBeat Thread...
