2018-01-31 14:40:21,330 [ClientConfig.LoadConfig] [1] [INFO ] Load Config file, cfgPath = F:\work\architecture\BetaGO\OptionTrade\bin\Debug\..\config\
2018-01-31 14:40:21,342 [CommandParse.LoadCommand] [1] [INFO ] Load command file, filePath = F:\work\architecture\BetaGO\OptionTrade\bin\Debug\..\config\
2018-01-31 14:40:21,342 [DataBusManager.Initialize] [1] [INFO ] Initialize, Version = 2016-02-26
2018-01-31 14:40:21,343 [ConnectThread.ThreadEntrance] [4] [INFO ] Start Connect Thread...
2018-01-31 14:40:21,344 [ConnectThread.Connect] [4] [INFO ] Connect to server, addr = 47.100.7.224 port = 55555
2018-01-31 14:40:21,359 [ConnectThread.ThreadEntrance] [4] [INFO ] Connect Success!
2018-01-31 14:40:21,360 [MsgSendThread.ThreadEntrance] [7] [INFO ] Start Message Send Thread...
2018-01-31 14:40:21,361 [MsgReceiveThread.ThreadEntrance] [8] [INFO ] Start Message Receive Thread...
2018-01-31 14:40:21,361 [TimeOutThread.ThreadEntrance] [9] [INFO ] Start time out check Thread...
2018-01-31 14:40:21,362 [MsgLoopThread.ThreadEntrance] [12] [INFO ] Start Message Loop Thread...
2018-01-31 14:40:21,362 [MsgLoopThread.ThreadEntrance] [10] [INFO ] Start Message Loop Thread...
2018-01-31 14:40:21,362 [MsgLoopThread.ThreadEntrance] [11] [INFO ] Start Message Loop Thread...
2018-01-31 14:40:21,362 [MsgLoopThread.ThreadEntrance] [13] [INFO ] Start Message Loop Thread...
2018-01-31 14:40:21,534 [MsgSendThread.SendCustomMessage] [4] [DEBUG] Send Message CMD = 3  name = MsgExpress.LoginInfo
2018-01-31 14:40:21,622 [DataBusManager.OnResponse] [13] [DEBUG] recive response data
2018-01-31 14:40:21,637 [MsgSendThread.SendCustomMessage] [4] [DEBUG] Send Message CMD = 14  name = MsgExpress.ComplexSubscribeData
2018-01-31 14:40:21,717 [DataBusManager.OnResponse] [12] [DEBUG] recive response data
2018-01-31 14:40:21,718 [ConnectThread.ThreadEntrance] [4] [INFO ] End Connect Thread...
2018-01-31 14:40:21,719 [HeartBeatThread.ThreadEntrance] [15] [INFO ] Start HeartBeat Thread...
2018-01-31 14:40:21,736 [MsgSendThread.SendCustomMessage] [15] [DEBUG] Send Message CMD = 5  name = MsgExpress.HeartBeat
2018-01-31 14:40:21,895 [DataBusManager.OnPublish] [10] [DEBUG] recive public data
2018-01-31 14:40:22,017 [DataBusManager.OnResponse] [11] [DEBUG] recive response data
2018-01-31 14:40:22,202 [DataBusManager.OnPublish] [10] [DEBUG] recive public data
2018-01-31 14:40:22,453 [DataBusManager.OnPublish] [10] [DEBUG] recive public data
2018-01-31 14:40:22,453 [DataBusManager.OnPublish] [10] [DEBUG] recive public data
2018-01-31 14:40:22,453 [DataBusManager.OnPublish] [10] [DEBUG] recive public data
2018-01-31 14:40:22,454 [DataBusManager.OnPublish] [10] [DEBUG] recive public data
2018-01-31 14:40:22,454 [DataBusManager.OnPublish] [10] [DEBUG] recive public data
2018-01-31 14:40:22,536 [DataCenter.ThreadGetHis] [6] [INFO ] 下载历史数据成功,code=sz399905
2018-01-31 14:40:22,654 [DataBusManager.OnPublish] [10] [DEBUG] recive public data
2018-01-31 14:40:22,854 [DataBusManager.OnPublish] [10] [DEBUG] recive public data
2018-01-31 14:40:22,854 [DataBusManager.OnPublish] [10] [DEBUG] recive public data
2018-01-31 14:40:22,854 [DataBusManager.OnPublish] [10] [DEBUG] recive public data
2018-01-31 14:40:22,854 [DataBusManager.OnPublish] [10] [DEBUG] recive public data
2018-01-31 14:40:22,854 [DataBusManager.OnPublish] [10] [DEBUG] recive public data
2018-01-31 14:40:23,055 [DataBusManager.OnPublish] [10] [DEBUG] recive public data
2018-01-31 14:40:23,056 [DataBusManager.OnPublish] [10] [DEBUG] recive public data
2018-01-31 14:40:23,256 [DataBusManager.OnPublish] [10] [DEBUG] recive public data
2018-01-31 14:40:23,538 [DataCenter.ThreadGetHis] [6] [INFO ] 下载历史数据成功,code=sh000300
2018-01-31 14:40:23,556 [DataBusManager.OnPublish] [10] [DEBUG] recive public data
2018-01-31 14:40:23,709 [DataBusManager.Close] [1] [INFO ] Close
2018-01-31 14:40:23,710 [MsgReceiveThread.ThreadEntrance] [8] [INFO ] End Message Receive Thread...
2018-01-31 14:40:23,710 [MsgSendThread.ThreadEntrance] [7] [INFO ] End Message Send Thread...
2018-01-31 14:40:23,717 [MsgLoopThread.ThreadEntrance] [11] [INFO ] End Message Loop Thread...
2018-01-31 14:40:23,717 [MsgLoopThread.ThreadEntrance] [12] [INFO ] End Message Loop Thread...
2018-01-31 14:40:23,723 [MsgLoopThread.ThreadEntrance] [13] [INFO ] End Message Loop Thread...
2018-01-31 14:40:23,756 [MsgLoopThread.ThreadEntrance] [10] [INFO ] End Message Loop Thread...
2018-01-31 14:40:23,761 [TimeOutThread.ThreadEntrance] [9] [INFO ] End time out check Thread...
2018-01-31 14:40:24,538 [DataCenter.ThreadGetHis] [6] [INFO ] 下载历史数据成功,code=sh000016
2018-01-31 14:40:26,737 [HeartBeatThread.ThreadEntrance] [15] [INFO ] End HeartBeat Thread...
