2018-01-30 18:38:50,998 [ClientConfig.LoadConfig] [1] [INFO ] Load Config file, cfgPath = F:\work\architecture\BetaGO\OptionTrade\bin\Debug\..\config\
2018-01-30 18:38:51,010 [CommandParse.LoadCommand] [1] [INFO ] Load command file, filePath = F:\work\architecture\BetaGO\OptionTrade\bin\Debug\..\config\
2018-01-30 18:38:51,011 [DataBusManager.Initialize] [1] [INFO ] Initialize, Version = 2016-02-26
2018-01-30 18:38:51,011 [ConnectThread.ThreadEntrance] [4] [INFO ] Start Connect Thread...
2018-01-30 18:38:51,013 [ConnectThread.Connect] [4] [INFO ] Connect to server, addr = 47.100.7.224 port = 55555
2018-01-30 18:38:51,027 [ConnectThread.ThreadEntrance] [4] [INFO ] Connect Success!
2018-01-30 18:38:51,030 [MsgSendThread.ThreadEntrance] [7] [INFO ] Start Message Send Thread...
2018-01-30 18:38:51,031 [MsgReceiveThread.ThreadEntrance] [8] [INFO ] Start Message Receive Thread...
2018-01-30 18:38:51,031 [TimeOutThread.ThreadEntrance] [9] [INFO ] Start time out check Thread...
2018-01-30 18:38:51,031 [MsgLoopThread.ThreadEntrance] [10] [INFO ] Start Message Loop Thread...
2018-01-30 18:38:51,031 [MsgLoopThread.ThreadEntrance] [11] [INFO ] Start Message Loop Thread...
2018-01-30 18:38:51,031 [MsgLoopThread.ThreadEntrance] [12] [INFO ] Start Message Loop Thread...
2018-01-30 18:38:51,031 [MsgLoopThread.ThreadEntrance] [13] [INFO ] Start Message Loop Thread...
2018-01-30 18:38:51,214 [MsgSendThread.SendCustomMessage] [4] [DEBUG] Send Message CMD = 3  name = MsgExpress.LoginInfo
2018-01-30 18:38:51,284 [DataBusManager.OnResponse] [13] [DEBUG] recive response data
2018-01-30 18:38:51,291 [MsgSendThread.SendCustomMessage] [4] [DEBUG] Send Message CMD = 14  name = MsgExpress.ComplexSubscribeData
2018-01-30 18:38:51,382 [DataBusManager.OnResponse] [11] [DEBUG] recive response data
2018-01-30 18:38:51,383 [ConnectThread.ThreadEntrance] [4] [INFO ] End Connect Thread...
2018-01-30 18:38:51,383 [HeartBeatThread.ThreadEntrance] [15] [INFO ] Start HeartBeat Thread...
2018-01-30 18:38:51,389 [MsgSendThread.SendCustomMessage] [15] [DEBUG] Send Message CMD = 5  name = MsgExpress.HeartBeat
2018-01-30 18:38:51,483 [DataBusManager.OnResponse] [12] [DEBUG] recive response data
2018-01-30 18:38:52,247 [MsgSendThread.SendCustomMessage] [1] [DEBUG] Send Message CMD = 931135489  name = Trade.LoginReq
2018-01-30 18:38:52,337 [DataCenter.ThreadGetHis] [6] [INFO ] 下载历史数据成功,code=sz399905
2018-01-30 18:38:52,338 [DataBusManager.OnResponse] [11] [DEBUG] recive response data
2018-01-30 18:38:53,495 [DataCenter.ThreadGetHis] [6] [INFO ] 下载历史数据成功,code=sh000300
2018-01-30 18:38:54,673 [DataCenter.ThreadGetHis] [6] [INFO ] 下载历史数据成功,code=sh000016
2018-01-30 18:38:56,389 [MsgSendThread.SendCustomMessage] [15] [DEBUG] Send Message CMD = 5  name = MsgExpress.HeartBeat
2018-01-30 18:38:56,442 [DataBusManager.OnResponse] [12] [DEBUG] recive response data
2018-01-30 18:39:01,389 [MsgSendThread.SendCustomMessage] [15] [DEBUG] Send Message CMD = 5  name = MsgExpress.HeartBeat
2018-01-30 18:39:01,442 [DataBusManager.OnResponse] [11] [DEBUG] recive response data
2018-01-30 18:39:06,389 [MsgSendThread.SendCustomMessage] [15] [DEBUG] Send Message CMD = 5  name = MsgExpress.HeartBeat
2018-01-30 18:39:06,442 [DataBusManager.OnResponse] [13] [DEBUG] recive response data
2018-01-30 18:39:11,389 [MsgSendThread.SendCustomMessage] [15] [DEBUG] Send Message CMD = 5  name = MsgExpress.HeartBeat
2018-01-30 18:39:11,442 [DataBusManager.OnResponse] [11] [DEBUG] recive response data
2018-01-30 18:39:16,389 [MsgSendThread.SendCustomMessage] [15] [DEBUG] Send Message CMD = 5  name = MsgExpress.HeartBeat
2018-01-30 18:39:16,442 [DataBusManager.OnResponse] [11] [DEBUG] recive response data
2018-01-30 18:39:21,389 [MsgSendThread.SendCustomMessage] [15] [DEBUG] Send Message CMD = 5  name = MsgExpress.HeartBeat
2018-01-30 18:39:21,442 [DataBusManager.OnResponse] [11] [DEBUG] recive response data
2018-01-30 18:39:26,389 [MsgSendThread.SendCustomMessage] [15] [DEBUG] Send Message CMD = 5  name = MsgExpress.HeartBeat
2018-01-30 18:39:26,442 [DataBusManager.OnResponse] [13] [DEBUG] recive response data
2018-01-30 18:39:31,389 [MsgSendThread.SendCustomMessage] [15] [DEBUG] Send Message CMD = 5  name = MsgExpress.HeartBeat
2018-01-30 18:39:31,442 [DataBusManager.OnResponse] [12] [DEBUG] recive response data
2018-01-30 18:39:36,389 [MsgSendThread.SendCustomMessage] [15] [DEBUG] Send Message CMD = 5  name = MsgExpress.HeartBeat
2018-01-30 18:39:36,442 [DataBusManager.OnResponse] [13] [DEBUG] recive response data
2018-01-30 18:39:41,389 [MsgSendThread.SendCustomMessage] [15] [DEBUG] Send Message CMD = 5  name = MsgExpress.HeartBeat
2018-01-30 18:39:41,442 [DataBusManager.OnResponse] [13] [DEBUG] recive response data
2018-01-30 18:39:46,389 [MsgSendThread.SendCustomMessage] [15] [DEBUG] Send Message CMD = 5  name = MsgExpress.HeartBeat
2018-01-30 18:39:46,442 [DataBusManager.OnResponse] [13] [DEBUG] recive response data
2018-01-30 18:39:51,389 [MsgSendThread.SendCustomMessage] [15] [DEBUG] Send Message CMD = 5  name = MsgExpress.HeartBeat
2018-01-30 18:39:51,442 [DataBusManager.OnResponse] [12] [DEBUG] recive response data
